p    e    name          run_time      sens          spec          pct_crt       avg_trim      SoS_trim      pct_crt_left  avg_left      SoS_left      pct_crt_right avg_right     SoS_right     total_polyA   num_split     
-1             0.0            SCOPA         -1.0          1.0           1.0           1.0           0.0           -0.0          1.0           0.0           -0.0          1.0           0.0           -0.0          47600.0       0.0           
0.05           0.0            BASICTOOL     -1.0          1.0           1.0           0.859         0.649         0.0           0.914         0.376         0.0           0.945         0.273         0.001         47600.0       0.0           
0.1            0.0            BASICTOOL     -1.0          1.0           1.0           0.45          3.899         0.001         0.643         2.563         0.001         0.784         1.336         0.001         47600.0       0.0           
0.15           0.0            BASICTOOL     -1.0          1.0           1.0           0.246         8.803         0.003         0.397         6.887         0.003         0.775         1.916         0.002         47600.0       0.0           
0.2            0.0            BASICTOOL     -1.0          1.0           1.0           0.082         15.124        0.006         0.21          11.685        0.005         0.681         3.439         0.003         47600.0       0.0           
0.25           0.0            BASICTOOL     -1.0          1.0           1.0           0.053         19.511        0.01          0.109         15.5          0.007         0.651         4.011         0.004         47600.0       0.0           
0.3            0.0            BASICTOOL     -1.0          1.0           0.999         0.025         24.821        0.016         0.04          20.662        0.012         0.649         4.16          0.004         47600.0       0.0           
0.35           0.0            BASICTOOL     -1.0          1.0           0.994         0.015         31.914        0.027         0.019         27.878        0.022         0.643         4.036         0.004         47600.0       0.0           
0.4            0.0            BASICTOOL     -1.0          1.0           0.979         0.008         40.506        0.043         0.011         36.143        0.037         0.632         4.363         0.004         47600.0       0.0           
0.45           0.0            BASICTOOL     -1.0          1.0           0.94          0.008         54.914        0.077         0.008         50.603        0.068         0.626         4.311         0.004         47600.0       0.0           
0.5            0.0            BASICTOOL     -1.0          1.0           0.82          0.004         75.059        0.14          0.004         70.708        0.127         0.626         4.351         0.004         47600.0       0.0           
0.55           0.0            BASICTOOL     -1.0          1.0           0.66          0.004         98.956        0.251         0.004         94.798        0.235         0.607         4.158         0.01          47600.0       0.0           
-1             0.01           SCOPA         -1.0          1.0           1.0           0.942         -0.121        0.0           0.971         -0.061        0.0           0.971         -0.06         0.0           47600.0       0.0           
0.05           0.01           BASICTOOL     -1.0          1.0           1.0           0.86          0.218         0.001         0.913         0.164         0.001         0.942         0.054         0.001         47600.0       0.0           
0.1            0.01           BASICTOOL     -1.0          1.0           1.0           0.481         3.259         0.001         0.677         2.064         0.001         0.774         1.195         0.001         47600.0       0.0           
0.15           0.01           BASICTOOL     -1.0          1.0           1.0           0.265         7.894         0.003         0.428         6.077         0.003         0.758         1.818         0.002         47600.0       0.0           
0.2            0.01           BASICTOOL     -1.0          1.0           1.0           0.094         14.269        0.006         0.226         11.069        0.005         0.686         3.199         0.003         47600.0       0.0           
0.25           0.01           BASICTOOL     -1.0          1.0           1.0           0.052         18.952        0.01          0.117         15.005        0.007         0.639         3.947         0.004         47600.0       0.0           
0.3            0.01           BASICTOOL     -1.0          1.0           0.999         0.03          24.127        0.015         0.047         20.022        0.011         0.638         4.105         0.004         47600.0       0.0           
0.35           0.01           BASICTOOL     -1.0          1.0           0.995         0.014         31.156        0.025         0.02          27.158        0.021         0.634         3.998         0.004         47600.0       0.0           
0.4            0.01           BASICTOOL     -1.0          1.0           0.981         0.009         39.678        0.042         0.011         35.403        0.035         0.624         4.275         0.004         47600.0       0.0           
0.45           0.01           BASICTOOL     -1.0          1.0           0.942         0.008         53.731        0.075         0.009         49.52         0.066         0.621         4.21          0.004         47600.0       0.0           
0.5            0.01           BASICTOOL     -1.0          1.0           0.822         0.005         73.305        0.134         0.005         68.974        0.122         0.616         4.331         0.004         47600.0       0.0           
0.55           0.01           BASICTOOL     -1.0          1.0           0.66          0.004         97.465        0.243         0.004         93.33         0.228         0.595         4.136         0.01          47600.0       0.0           
-1             0.02           SCOPA         -1.0          1.0           1.0           0.884         -0.252        0.0           0.94          -0.127        0.0           0.941         -0.125        0.0           47600.0       0.0           
0.05           0.02           BASICTOOL     -1.0          0.999         1.0           0.808         -0.632        0.002         0.886         -0.265        0.001         0.907         -0.367        0.002         47600.0       0.0           
0.1            0.02           BASICTOOL     -1.0          1.0           1.0           0.511         2.66          0.001         0.704         1.641         0.001         0.77          1.019         0.001         47600.0       0.0           
0.15           0.02           BASICTOOL     -1.0          1.0           1.0           0.28          7.038         0.002         0.454         5.341         0.002         0.739         1.696         0.001         47600.0       0.0           
0.2            0.02           BASICTOOL     -1.0          1.0           1.0           0.106         13.373        0.005         0.243         10.384        0.004         0.682         2.989         0.003         47600.0       0.0           
0.25           0.02           BASICTOOL     -1.0          1.0           1.0           0.05          18.383        0.009         0.125         14.518        0.007         0.627         3.865         0.003         47600.0       0.0           
0.3            0.02           BASICTOOL     -1.0          1.0           0.998         0.031         23.425        0.014         0.052         19.359        0.011         0.623         4.066         0.004         47600.0       0.0           
0.35           0.02           BASICTOOL     -1.0          1.0           0.994         0.014         30.357        0.024         0.02          26.387        0.019         0.623         3.97          0.003         47600.0       0.0           
0.4            0.02           BASICTOOL     -1.0          1.0           0.98          0.009         38.818        0.04          0.011         34.579        0.034         0.611         4.24          0.004         47600.0       0.0           
0.45           0.02           BASICTOOL     -1.0          1.0           0.941         0.008         52.292        0.071         0.009         48.142        0.063         0.611         4.149         0.004         47600.0       0.0           
0.5            0.02           BASICTOOL     -1.0          1.0           0.822         0.005         71.736        0.129         0.005         67.437        0.117         0.603         4.298         0.004         47600.0       0.0           
0.55           0.02           BASICTOOL     -1.0          1.0           0.663         0.004         95.853        0.235         0.004         91.746        0.22          0.583         4.107         0.01          47600.0       0.0           
-1             0.03           SCOPA         -1.0          1.0           1.0           0.831         -0.383        0.0           0.913         -0.188        0.0           0.91          -0.195        0.0           47600.0       0.0           
0.05           0.03           BASICTOOL     -1.0          0.996         1.0           0.718         -1.966        0.003         0.838         -0.924        0.002         0.849         -1.042        0.002         47600.0       0.0           
0.1            0.03           BASICTOOL     -1.0          1.0           1.0           0.534         2.072         0.001         0.725         1.256         0.001         0.766         0.816         0.001         47600.0       0.0           
0.15           0.03           BASICTOOL     -1.0          1.0           1.0           0.296         6.225         0.002         0.481         4.657         0.002         0.722         1.569         0.001         47600.0       0.0           
0.2            0.03           BASICTOOL     -1.0          1.0           1.0           0.118         12.525        0.005         0.259         9.747         0.004         0.675         2.778         0.003         47600.0       0.0           
0.25           0.03           BASICTOOL     -1.0          1.0           1.0           0.052         17.766        0.008         0.137         13.986        0.006         0.617         3.78          0.003         47600.0       0.0           
0.3            0.03           BASICTOOL     -1.0          1.0           0.999         0.034         22.702        0.014         0.06          18.687        0.01          0.609         4.015         0.003         47600.0       0.0           
0.35           0.03           BASICTOOL     -1.0          1.0           0.994         0.014         29.534        0.023         0.022         25.554        0.018         0.607         3.98          0.003         47600.0       0.0           
0.4            0.03           BASICTOOL     -1.0          1.0           0.979         0.009         37.95         0.038         0.011         33.76         0.032         0.596         4.19          0.003         47600.0       0.0           
0.45           0.03           BASICTOOL     -1.0          1.0           0.939         0.007         50.9          0.068         0.009         46.819        0.06          0.599         4.081         0.003         47600.0       0.0           
0.5            0.03           BASICTOOL     -1.0          1.0           0.82          0.005         70.178        0.124         0.006         65.916        0.112         0.589         4.262         0.003         47600.0       0.0           
0.55           0.03           BASICTOOL     -1.0          1.0           0.661         0.004         94.218        0.227         0.004         90.151        0.213         0.569         4.067         0.01          47600.0       0.0           
-1             0.04           SCOPA         -1.0          1.0           1.0           0.78          -0.523        0.0           0.884         -0.263        0.0           0.882         -0.26         0.0           47600.0       0.0           
0.05           0.04           BASICTOOL     -1.0          0.989         1.0           0.606         -3.887        0.004         0.77          -1.852        0.003         0.773         -2.034        0.003         47600.0       0.0           
0.1            0.04           BASICTOOL     -1.0          0.999         1.0           0.549         1.393         0.001         0.736         0.856         0.001         0.764         0.537         0.001         47600.0       0.0           
0.15           0.04           BASICTOOL     -1.0          1.0           1.0           0.316         5.388         0.002         0.509         3.96          0.002         0.709         1.429         0.001         47600.0       0.0           
0.2            0.04           BASICTOOL     -1.0          1.0           1.0           0.133         11.531        0.004         0.28          8.997         0.004         0.669         2.534         0.002         47600.0       0.0           
0.25           0.04           BASICTOOL     -1.0          1.0           1.0           0.054         17.08         0.008         0.147         13.428        0.006         0.609         3.652         0.003         47600.0       0.0           
0.3            0.04           BASICTOOL     -1.0          1.0           0.999         0.034         21.979        0.013         0.067         17.988        0.01          0.593         3.992         0.003         47600.0       0.0           
0.35           0.04           BASICTOOL     -1.0          1.0           0.994         0.014         28.746        0.022         0.024         24.767        0.017         0.593         3.978         0.003         47600.0       0.0           
0.4            0.04           BASICTOOL     -1.0          1.0           0.98          0.008         37.022        0.036         0.011         32.871        0.03          0.584         4.151         0.003         47600.0       0.0           
0.45           0.04           BASICTOOL     -1.0          1.0           0.941         0.007         49.478        0.064         0.009         45.42         0.057         0.586         4.057         0.003         47600.0       0.0           
0.5            0.04           BASICTOOL     -1.0          1.0           0.821         0.005         68.697        0.119         0.006         64.475        0.108         0.576         4.222         0.003         47600.0       0.0           
0.55           0.04           BASICTOOL     -1.0          1.0           0.658         0.003         92.516        0.219         0.004         88.482        0.205         0.556         4.034         0.009         47600.0       0.0           
-1             0.05           SCOPA         -1.0          1.0           1.0           0.732         -0.664        0.0           0.853         -0.336        0.0           0.858         -0.328        0.0           47600.0       0.0           
0.05           0.05           BASICTOOL     -1.0          0.978         1.0           0.497         -6.039        0.005         0.696         -2.898        0.004         0.696         -3.14         0.004         47600.0       0.0           
0.1            0.05           BASICTOOL     -1.0          0.999         1.0           0.553         0.63          0.001         0.735         0.447         0.001         0.761         0.183         0.001         47600.0       0.0           
0.15           0.05           BASICTOOL     -1.0          1.0           1.0           0.337         4.589         0.002         0.532         3.326         0.002         0.701         1.263         0.001         47600.0       0.0           
0.2            0.05           BASICTOOL     -1.0          1.0           1.0           0.148         10.619        0.004         0.301         8.265         0.004         0.663         2.354         0.002         47600.0       0.0           
0.25           0.05           BASICTOOL     -1.0          1.0           1.0           0.059         16.369        0.007         0.159         12.843        0.006         0.605         3.526         0.003         47600.0       0.0           
0.3            0.05           BASICTOOL     -1.0          1.0           0.999         0.036         21.329        0.012         0.073         17.393        0.009         0.585         3.937         0.003         47600.0       0.0           
0.35           0.05           BASICTOOL     -1.0          1.0           0.995         0.015         27.94         0.02          0.026         23.947        0.016         0.582         3.994         0.003         47600.0       0.0           
0.4            0.05           BASICTOOL     -1.0          1.0           0.981         0.009         36.186        0.035         0.012         32.08         0.029         0.574         4.107         0.003         47600.0       0.0           
0.45           0.05           BASICTOOL     -1.0          1.0           0.942         0.007         48.168        0.061         0.009         44.151        0.054         0.577         4.017         0.003         47600.0       0.0           
0.5            0.05           BASICTOOL     -1.0          1.0           0.822         0.005         67.258        0.115         0.006         63.079        0.104         0.567         4.18          0.003         47600.0       0.0           
0.55           0.05           BASICTOOL     -1.0          1.0           0.661         0.003         90.885        0.211         0.004         86.898        0.198         0.549         3.988         0.009         47600.0       0.0           
-1             0.06           SCOPA         -1.0          1.0           1.0           0.69          -0.8          0.0           0.83          -0.401        0.0           0.832         -0.399        0.0           47600.0       0.0           
0.05           0.06           BASICTOOL     -1.0          0.963         1.0           0.395         -8.335        0.007         0.622         -4.039        0.004         0.617         -4.296        0.005         47600.0       0.0           
0.1            0.06           BASICTOOL     -1.0          0.997         1.0           0.544         -0.258        0.001         0.731         -0.036        0.001         0.748         -0.221        0.001         47600.0       0.0           
0.15           0.06           BASICTOOL     -1.0          1.0           1.0           0.357         3.829         0.001         0.557         2.745         0.001         0.692         1.084         0.001         47600.0       0.0           
0.2            0.06           BASICTOOL     -1.0          1.0           1.0           0.163         9.685         0.004         0.318         7.583         0.003         0.656         2.102         0.002         47600.0       0.0           
0.25           0.06           BASICTOOL     -1.0          1.0           1.0           0.066         15.582        0.007         0.173         12.194        0.005         0.599         3.388         0.003         47600.0       0.0           
0.3            0.06           BASICTOOL     -1.0          1.0           0.999         0.037         20.644        0.011         0.08          16.758        0.009         0.575         3.886         0.003         47600.0       0.0           
0.35           0.06           BASICTOOL     -1.0          1.0           0.994         0.016         27.183        0.019         0.028         23.214        0.015         0.572         3.969         0.003         47600.0       0.0           
0.4            0.06           BASICTOOL     -1.0          1.0           0.981         0.009         35.299        0.033         0.012         31.215        0.027         0.564         4.083         0.003         47600.0       0.0           
0.45           0.06           BASICTOOL     -1.0          1.0           0.941         0.007         46.77         0.058         0.009         42.713        0.051         0.565         4.057         0.003         47600.0       0.0           
0.5            0.06           BASICTOOL     -1.0          1.0           0.819         0.005         65.759        0.11          0.006         61.633        0.099         0.557         4.126         0.003         47600.0       0.0           
0.55           0.06           BASICTOOL     -1.0          1.0           0.662         0.004         89.197        0.203         0.004         85.265        0.191         0.537         3.932         0.01          47600.0       0.0           
-1             0.07           SCOPA         -1.0          1.0           1.0           0.647         -0.95         0.0           0.804         -0.476        0.0           0.805         -0.475        0.0           47600.0       0.0           
0.05           0.07           BASICTOOL     -1.0          0.941         1.0           0.306         -10.663       0.008         0.555         -5.146        0.005         0.546         -5.517        0.005         47600.0       0.0           
0.1            0.07           BASICTOOL     -1.0          0.993         1.0           0.513         -1.359        0.002         0.713         -0.599        0.001         0.72          -0.76         0.001         47600.0       0.0           
0.15           0.07           BASICTOOL     -1.0          0.999         1.0           0.371         3.056         0.001         0.576         2.195         0.001         0.685         0.861         0.001         47600.0       0.0           
0.2            0.07           BASICTOOL     -1.0          1.0           1.0           0.18          8.718         0.003         0.343         6.804         0.003         0.646         1.914         0.002         47600.0       0.0           
0.25           0.07           BASICTOOL     -1.0          1.0           1.0           0.071         14.8          0.006         0.186         11.572        0.005         0.591         3.228         0.003         47600.0       0.0           
0.3            0.07           BASICTOOL     -1.0          1.0           0.998         0.038         19.959        0.011         0.09          16.108        0.008         0.563         3.851         0.003         47600.0       0.0           
0.35           0.07           BASICTOOL     -1.0          1.0           0.994         0.017         26.303        0.018         0.032         22.337        0.014         0.559         3.966         0.003         47600.0       0.0           
0.4            0.07           BASICTOOL     -1.0          1.0           0.98          0.009         34.381        0.031         0.013         30.331        0.026         0.553         4.051         0.003         47600.0       0.0           
0.45           0.07           BASICTOOL     -1.0          1.0           0.941         0.006         45.411        0.055         0.009         41.382        0.048         0.554         4.028         0.003         47600.0       0.0           
0.5            0.07           BASICTOOL     -1.0          1.0           0.82          0.005         64.264        0.105         0.006         60.169        0.095         0.547         4.095         0.003         47600.0       0.0           
0.55           0.07           BASICTOOL     -1.0          1.0           0.663         0.003         87.478        0.195         0.004         83.587        0.183         0.527         3.89          0.01          47600.0       0.0           
-1             0.08           SCOPA         -1.0          1.0           1.0           0.604         -1.12         0.0           0.779         -0.555        0.0           0.777         -0.566        0.0           47600.0       0.0           
0.05           0.08           BASICTOOL     -1.0          0.913         1.0           0.232         -13.013       0.01          0.49          -6.361        0.006         0.478         -6.652        0.006         47600.0       0.0           
0.1            0.08           BASICTOOL     -1.0          0.988         1.0           0.471         -2.699        0.002         0.68          -1.252        0.002         0.686         -1.448        0.002         47600.0       0.0           
0.15           0.08           BASICTOOL     -1.0          0.999         1.0           0.384         2.263         0.001         0.591         1.668         0.001         0.675         0.596         0.001         47600.0       0.0           
0.2            0.08           BASICTOOL     -1.0          1.0           1.0           0.196         7.703         0.003         0.368         6.016         0.003         0.635         1.687         0.001         47600.0       0.0           
0.25           0.08           BASICTOOL     -1.0          1.0           1.0           0.077         13.896        0.006         0.2           10.872        0.005         0.584         3.024         0.002         47600.0       0.0           
0.3            0.08           BASICTOOL     -1.0          1.0           0.999         0.039         19.213        0.01          0.097         15.46         0.008         0.55          3.754         0.003         47600.0       0.0           
0.35           0.08           BASICTOOL     -1.0          1.0           0.994         0.017         25.477        0.017         0.035         21.547        0.013         0.544         3.93          0.003         47600.0       0.0           
0.4            0.08           BASICTOOL     -1.0          1.0           0.979         0.008         33.454        0.03          0.013         29.443        0.024         0.538         4.011         0.003         47600.0       0.0           
0.45           0.08           BASICTOOL     -1.0          1.0           0.94          0.006         44.15         0.052         0.009         40.135        0.045         0.538         4.014         0.003         47600.0       0.0           
0.5            0.08           BASICTOOL     -1.0          1.0           0.821         0.005         62.789        0.101         0.006         58.729        0.091         0.533         4.059         0.003         47600.0       0.0           
0.55           0.08           BASICTOOL     -1.0          1.0           0.66          0.003         85.709        0.187         0.004         81.947        0.177         0.513         3.763         0.01          47600.0       0.0           
-1             0.09           SCOPA         -1.0          1.0           1.0           0.565         -1.284        0.0           0.752         -0.635        0.0           0.751         -0.649        0.0           47600.0       0.0           
0.05           0.09           BASICTOOL     -1.0          0.874         1.0           0.177         -15.018       0.011         0.436         -7.369        0.007         0.427         -7.65         0.007         47600.0       0.0           
0.1            0.09           BASICTOOL     -1.0          0.978         1.0           0.42          -4.171        0.003         0.643         -2.025        0.002         0.644         -2.146        0.002         47600.0       0.0           
0.15           0.09           BASICTOOL     -1.0          0.997         1.0           0.383         1.404         0.001         0.596         1.119         0.001         0.659         0.286         0.001         47600.0       0.0           
0.2            0.09           BASICTOOL     -1.0          1.0           1.0           0.209         6.78          0.002         0.39          5.288         0.002         0.621         1.492         0.001         47600.0       0.0           
0.25           0.09           BASICTOOL     -1.0          1.0           1.0           0.087         12.96         0.005         0.216         10.184        0.004         0.578         2.776         0.002         47600.0       0.0           
0.3            0.09           BASICTOOL     -1.0          1.0           0.999         0.04          18.519        0.009         0.106         14.842        0.007         0.536         3.677         0.003         47600.0       0.0           
0.35           0.09           BASICTOOL     -1.0          1.0           0.994         0.019         24.62         0.016         0.04          20.728        0.012         0.53          3.892         0.003         47600.0       0.0           
0.4            0.09           BASICTOOL     -1.0          1.0           0.98          0.009         32.584        0.028         0.014         28.622        0.023         0.525         3.961         0.003         47600.0       0.0           
0.45           0.09           BASICTOOL     -1.0          1.0           0.939         0.006         42.951        0.049         0.009         38.929        0.043         0.523         4.023         0.003         47600.0       0.0           
0.5            0.09           BASICTOOL     -1.0          1.0           0.818         0.005         61.279        0.097         0.006         57.265        0.087         0.52          4.014         0.003         47600.0       0.0           
0.55           0.09           BASICTOOL     -1.0          1.0           0.661         0.003         84.07         0.18          0.003         80.424        0.171         0.499         3.646         0.011         47600.0       0.0           
-1             0.1            SCOPA         -1.0          1.0           1.0           0.531         -1.44         0.0           0.731         -0.71         0.0           0.728         -0.73         0.0           47600.0       0.0           
0.05           0.1            BASICTOOL     -1.0          0.835         1.0           0.135         -16.917       0.013         0.392         -8.204        0.007         0.381         -8.713        0.008         47600.0       0.0           
0.1            0.1            BASICTOOL     -1.0          0.967         1.0           0.367         -5.731        0.004         0.601         -2.765        0.003         0.6           -2.965        0.003         47600.0       0.0           
0.15           0.1            BASICTOOL     -1.0          0.996         1.0           0.379         0.495         0.001         0.597         0.597         0.001         0.645         -0.102        0.001         47600.0       0.0           
0.2            0.1            BASICTOOL     -1.0          1.0           1.0           0.226         5.836         0.002         0.414         4.563         0.002         0.614         1.273         0.001         47600.0       0.0           
0.25           0.1            BASICTOOL     -1.0          1.0           1.0           0.098         12.057        0.005         0.231         9.475         0.004         0.57          2.582         0.002         47600.0       0.0           
0.3            0.1            BASICTOOL     -1.0          1.0           0.999         0.043         17.774        0.009         0.117         14.201        0.007         0.529         3.573         0.003         47600.0       0.0           
0.35           0.1            BASICTOOL     -1.0          1.0           0.994         0.021         23.795        0.015         0.046         19.954        0.012         0.52          3.842         0.003         47600.0       0.0           
0.4            0.1            BASICTOOL     -1.0          1.0           0.979         0.009         31.759        0.027         0.015         27.822        0.022         0.515         3.937         0.003         47600.0       0.0           
0.45           0.1            BASICTOOL     -1.0          1.0           0.941         0.006         41.776        0.047         0.009         37.734        0.04          0.511         4.042         0.003         47600.0       0.0           
0.5            0.1            BASICTOOL     -1.0          1.0           0.821         0.005         59.735        0.092         0.006         55.729        0.083         0.509         4.007         0.003         47600.0       0.0           
0.55           0.1            BASICTOOL     -1.0          1.0           0.663         0.003         82.512        0.174         0.004         78.901        0.165         0.489         3.612         0.011         47600.0       0.0           
